mode: atomic
github.com/e1m0re/grdn/cmd/agent/main.go:13.13,19.22 4 0
github.com/e1m0re/grdn/cmd/agent/main.go:19.22,21.3 1 0
github.com/e1m0re/grdn/cmd/agent/main.go:23.2,28.29 4 0
github.com/e1m0re/grdn/cmd/agent/main.go:28.29,30.17 2 0
github.com/e1m0re/grdn/cmd/agent/main.go:30.17,32.4 1 0
github.com/e1m0re/grdn/cmd/agent/main.go:35.2,40.27 4 0
github.com/e1m0re/grdn/cmd/agent/main.go:40.27,42.17 2 0
github.com/e1m0re/grdn/cmd/agent/main.go:42.17,44.4 1 0
github.com/e1m0re/grdn/cmd/agent/main.go:47.2,52.6 4 0
github.com/e1m0re/grdn/cmd/agent/main.go:52.6,57.3 4 0
github.com/e1m0re/grdn/cmd/server/main.go:17.13,25.58 5 0
github.com/e1m0re/grdn/cmd/server/main.go:25.58,27.3 1 0
github.com/e1m0re/grdn/cmd/server/main.go:29.2,32.17 3 0
github.com/e1m0re/grdn/cmd/server/main.go:32.17,34.3 1 0
github.com/e1m0re/grdn/cmd/server/main.go:36.2,36.55 1 0
github.com/e1m0re/grdn/cmd/server/main.go:36.55,39.3 2 0
github.com/e1m0re/grdn/cmd/server/main.go:41.2,45.39 5 0
github.com/e1m0re/grdn/cmd/server/main.go:45.39,47.40 2 0
github.com/e1m0re/grdn/cmd/server/main.go:47.40,50.4 2 0
github.com/e1m0re/grdn/cmd/server/main.go:51.3,51.41 1 0
github.com/e1m0re/grdn/cmd/server/main.go:51.41,54.4 2 0
github.com/e1m0re/grdn/cmd/server/main.go:57.2,58.52 2 0
github.com/e1m0re/grdn/internal/logger/logger.go:9.37,11.16 2 0
github.com/e1m0re/grdn/internal/logger/logger.go:11.16,13.3 1 0
github.com/e1m0re/grdn/internal/logger/logger.go:15.2,19.16 4 0
github.com/e1m0re/grdn/internal/logger/logger.go:19.16,21.3 1 0
github.com/e1m0re/grdn/internal/logger/logger.go:23.2,25.12 2 0
github.com/e1m0re/grdn/internal/logger/requestLogger.go:22.62,27.2 3 0
github.com/e1m0re/grdn/internal/logger/requestLogger.go:29.61,32.2 2 0
github.com/e1m0re/grdn/internal/logger/requestLogger.go:34.52,36.59 1 0
github.com/e1m0re/grdn/internal/logger/requestLogger.go:36.59,58.4 6 0
github.com/e1m0re/grdn/internal/models/models.go:22.42,23.17 1 0
github.com/e1m0re/grdn/internal/models/models.go:24.17,25.52 1 0
github.com/e1m0re/grdn/internal/models/models.go:26.19,27.37 1 0
github.com/e1m0re/grdn/internal/models/models.go:28.10,29.12 1 0
github.com/e1m0re/grdn/internal/models/models.go:22.42,23.17 1 0
github.com/e1m0re/grdn/internal/models/models.go:24.17,25.52 1 0
github.com/e1m0re/grdn/internal/models/models.go:26.19,27.37 1 0
github.com/e1m0re/grdn/internal/models/models.go:28.10,29.12 1 0
github.com/e1m0re/grdn/internal/monitor/monitor.go:23.42,30.2 1 1
github.com/e1m0re/grdn/internal/monitor/monitor.go:32.39,69.2 32 1
github.com/e1m0re/grdn/internal/monitor/monitor.go:71.55,73.40 2 3
github.com/e1m0re/grdn/internal/monitor/monitor.go:73.40,79.3 1 2
github.com/e1m0re/grdn/internal/monitor/monitor.go:81.2,81.42 1 3
github.com/e1m0re/grdn/internal/monitor/monitor.go:81.42,87.3 1 2
github.com/e1m0re/grdn/internal/monitor/monitor.go:89.2,89.15 1 3
github.com/e1m0re/grdn/internal/monitor/monitor.go:92.64,93.34 1 0
github.com/e1m0re/grdn/internal/monitor/monitor.go:93.34,96.17 2 0
github.com/e1m0re/grdn/internal/monitor/monitor.go:96.17,98.4 1 0
github.com/e1m0re/grdn/internal/monitor/monitor.go:100.3,101.17 2 0
github.com/e1m0re/grdn/internal/monitor/monitor.go:101.17,103.4 1 0
github.com/e1m0re/grdn/internal/apiclient/apiclient.go:13.34,18.2 1 1
github.com/e1m0re/grdn/internal/apiclient/apiclient.go:20.60,23.16 2 0
github.com/e1m0re/grdn/internal/apiclient/apiclient.go:23.16,25.3 1 0
github.com/e1m0re/grdn/internal/apiclient/apiclient.go:27.2,27.12 1 0
github.com/e1m0re/grdn/internal/models/models.go:22.42,23.17 1 0
github.com/e1m0re/grdn/internal/models/models.go:24.17,25.52 1 0
github.com/e1m0re/grdn/internal/models/models.go:26.19,27.37 1 0
github.com/e1m0re/grdn/internal/models/models.go:28.10,29.12 1 0
github.com/e1m0re/grdn/internal/storage/storage.go:56.34,61.2 1 1
github.com/e1m0re/grdn/internal/storage/storage.go:63.77,65.2 1 2
github.com/e1m0re/grdn/internal/storage/storage.go:67.83,69.2 1 2
github.com/e1m0re/grdn/internal/storage/storage.go:71.101,72.15 1 5
github.com/e1m0re/grdn/internal/storage/storage.go:73.24,75.17 2 2
github.com/e1m0re/grdn/internal/storage/storage.go:75.17,77.4 1 1
github.com/e1m0re/grdn/internal/storage/storage.go:79.3,79.36 1 1
github.com/e1m0re/grdn/internal/storage/storage.go:80.26,82.17 2 2
github.com/e1m0re/grdn/internal/storage/storage.go:82.17,84.4 1 1
github.com/e1m0re/grdn/internal/storage/storage.go:86.3,86.38 1 1
github.com/e1m0re/grdn/internal/storage/storage.go:87.10,88.43 1 1
github.com/e1m0re/grdn/internal/storage/storage.go:91.2,91.12 1 2
github.com/e1m0re/grdn/internal/storage/storage.go:94.69,95.23 1 0
github.com/e1m0re/grdn/internal/storage/storage.go:95.23,97.3 1 0
github.com/e1m0re/grdn/internal/storage/storage.go:98.2,98.20 1 0
github.com/e1m0re/grdn/internal/storage/storage.go:99.24,100.24 1 0
github.com/e1m0re/grdn/internal/storage/storage.go:100.24,102.4 1 0
github.com/e1m0re/grdn/internal/storage/storage.go:103.3,103.44 1 0
github.com/e1m0re/grdn/internal/storage/storage.go:104.26,105.24 1 0
github.com/e1m0re/grdn/internal/storage/storage.go:105.24,107.4 1 0
github.com/e1m0re/grdn/internal/storage/storage.go:108.3,108.46 1 0
github.com/e1m0re/grdn/internal/storage/storage.go:109.10,110.43 1 0
github.com/e1m0re/grdn/internal/storage/storage.go:113.2,113.12 1 0
github.com/e1m0re/grdn/internal/storage/storage.go:116.47,118.35 2 0
github.com/e1m0re/grdn/internal/storage/storage.go:118.35,120.3 1 0
github.com/e1m0re/grdn/internal/storage/storage.go:122.2,122.37 1 0
github.com/e1m0re/grdn/internal/storage/storage.go:122.37,124.3 1 0
github.com/e1m0re/grdn/internal/storage/storage.go:126.2,126.15 1 0
github.com/e1m0re/grdn/internal/storage/storage.go:129.108,130.15 1 0
github.com/e1m0re/grdn/internal/storage/storage.go:131.24,134.10 2 0
github.com/e1m0re/grdn/internal/storage/storage.go:134.10,137.4 2 0
github.com/e1m0re/grdn/internal/storage/storage.go:139.3,144.4 1 0
github.com/e1m0re/grdn/internal/storage/storage.go:145.26,148.10 2 0
github.com/e1m0re/grdn/internal/storage/storage.go:148.10,151.4 2 0
github.com/e1m0re/grdn/internal/storage/storage.go:153.3,158.4 1 0
github.com/e1m0re/grdn/internal/storage/storage.go:159.10,160.37 1 0
github.com/e1m0re/grdn/internal/storage/storage.go:163.2,163.8 1 0
github.com/e1m0re/grdn/internal/models/models.go:22.42,23.17 1 2
github.com/e1m0re/grdn/internal/models/models.go:24.17,25.52 1 1
github.com/e1m0re/grdn/internal/models/models.go:26.19,27.37 1 1
github.com/e1m0re/grdn/internal/models/models.go:28.10,29.12 1 0
github.com/e1m0re/grdn/internal/srvhandler/srvhandler.go:19.53,23.2 1 22
github.com/e1m0re/grdn/internal/srvhandler/srvhandler.go:25.85,26.39 1 8
github.com/e1m0re/grdn/internal/srvhandler/srvhandler.go:26.39,29.3 2 1
github.com/e1m0re/grdn/internal/srvhandler/srvhandler.go:31.2,36.16 5 7
github.com/e1m0re/grdn/internal/srvhandler/srvhandler.go:36.16,39.3 2 5
github.com/e1m0re/grdn/internal/srvhandler/srvhandler.go:42.78,43.48 1 0
github.com/e1m0re/grdn/internal/srvhandler/srvhandler.go:43.48,45.17 2 0
github.com/e1m0re/grdn/internal/srvhandler/srvhandler.go:45.17,47.4 1 0
github.com/e1m0re/grdn/internal/srvhandler/srvhandler.go:51.87,52.38 1 5
github.com/e1m0re/grdn/internal/srvhandler/srvhandler.go:52.38,55.3 2 1
github.com/e1m0re/grdn/internal/srvhandler/srvhandler.go:57.2,58.16 2 4
github.com/e1m0re/grdn/internal/srvhandler/srvhandler.go:58.16,61.3 2 2
github.com/e1m0re/grdn/internal/srvhandler/srvhandler.go:63.2,64.16 2 2
github.com/e1m0re/grdn/internal/srvhandler/srvhandler.go:64.16,67.3 2 0
github.com/e1m0re/grdn/internal/srvhandler/srvhandler.go:70.89,71.39 1 5
github.com/e1m0re/grdn/internal/srvhandler/srvhandler.go:71.39,74.3 2 1
github.com/e1m0re/grdn/internal/srvhandler/srvhandler.go:76.2,80.16 3 4
github.com/e1m0re/grdn/internal/srvhandler/srvhandler.go:80.16,82.3 1 0
github.com/e1m0re/grdn/internal/srvhandler/srvhandler.go:84.2,86.61 2 4
github.com/e1m0re/grdn/internal/srvhandler/srvhandler.go:86.61,89.3 2 1
github.com/e1m0re/grdn/internal/srvhandler/srvhandler.go:91.2,93.16 2 3
github.com/e1m0re/grdn/internal/srvhandler/srvhandler.go:93.16,96.3 2 1
github.com/e1m0re/grdn/internal/srvhandler/srvhandler.go:98.2,100.16 2 2
github.com/e1m0re/grdn/internal/srvhandler/srvhandler.go:100.16,103.3 2 0
github.com/e1m0re/grdn/internal/srvhandler/srvhandler.go:105.2,108.16 3 2
github.com/e1m0re/grdn/internal/srvhandler/srvhandler.go:108.16,111.3 2 0
github.com/e1m0re/grdn/internal/srvhandler/srvhandler.go:114.86,115.39 1 11
github.com/e1m0re/grdn/internal/srvhandler/srvhandler.go:115.39,118.3 2 1
github.com/e1m0re/grdn/internal/srvhandler/srvhandler.go:120.2,126.16 4 10
github.com/e1m0re/grdn/internal/srvhandler/srvhandler.go:126.16,129.3 2 0
github.com/e1m0re/grdn/internal/srvhandler/srvhandler.go:131.2,131.58 1 10
github.com/e1m0re/grdn/internal/srvhandler/srvhandler.go:131.58,134.3 2 4
github.com/e1m0re/grdn/internal/srvhandler/srvhandler.go:136.2,137.16 2 6
github.com/e1m0re/grdn/internal/srvhandler/srvhandler.go:137.16,140.3 2 4
