mode: atomic
github.com/e1m0re/grdn/cmd/agent/flags.go:15.27,28.25 7 0
github.com/e1m0re/grdn/cmd/agent/flags.go:28.25,30.3 1 0
github.com/e1m0re/grdn/cmd/agent/flags.go:32.2,33.29 2 0
github.com/e1m0re/grdn/cmd/agent/flags.go:33.29,35.17 2 0
github.com/e1m0re/grdn/cmd/agent/flags.go:35.17,37.4 1 0
github.com/e1m0re/grdn/cmd/agent/flags.go:40.2,41.27 2 0
github.com/e1m0re/grdn/cmd/agent/flags.go:41.27,43.17 2 0
github.com/e1m0re/grdn/cmd/agent/flags.go:43.17,45.4 1 0
github.com/e1m0re/grdn/cmd/agent/flags.go:48.2,48.17 1 0
github.com/e1m0re/grdn/cmd/agent/main.go:10.13,16.6 4 0
github.com/e1m0re/grdn/cmd/agent/main.go:16.6,21.3 4 0
github.com/e1m0re/grdn/cmd/server/flags.go:19.27,31.58 8 0
github.com/e1m0re/grdn/cmd/server/flags.go:31.58,33.3 1 0
github.com/e1m0re/grdn/cmd/server/flags.go:35.2,35.25 1 0
github.com/e1m0re/grdn/cmd/server/flags.go:35.25,37.3 1 0
github.com/e1m0re/grdn/cmd/server/flags.go:39.2,40.28 2 0
github.com/e1m0re/grdn/cmd/server/flags.go:40.28,42.17 2 0
github.com/e1m0re/grdn/cmd/server/flags.go:42.17,44.4 1 0
github.com/e1m0re/grdn/cmd/server/flags.go:47.2,48.30 2 0
github.com/e1m0re/grdn/cmd/server/flags.go:48.30,50.3 1 0
github.com/e1m0re/grdn/cmd/server/flags.go:52.2,53.26 2 0
github.com/e1m0re/grdn/cmd/server/flags.go:53.26,55.3 1 0
github.com/e1m0re/grdn/cmd/server/flags.go:57.2,57.17 1 0
github.com/e1m0re/grdn/cmd/server/main.go:20.35,23.2 2 0
github.com/e1m0re/grdn/cmd/server/main.go:25.13,31.28 4 0
github.com/e1m0re/grdn/cmd/server/main.go:31.28,33.17 2 0
github.com/e1m0re/grdn/cmd/server/main.go:33.17,35.4 1 0
github.com/e1m0re/grdn/cmd/server/main.go:38.2,41.12 3 0
github.com/e1m0re/grdn/cmd/server/main.go:41.12,47.3 4 0
github.com/e1m0re/grdn/cmd/server/main.go:49.2,50.20 2 0
github.com/e1m0re/grdn/cmd/server/main.go:50.20,53.3 2 0
github.com/e1m0re/grdn/cmd/server/main.go:54.2,54.20 1 0
github.com/e1m0re/grdn/cmd/server/main.go:54.20,57.17 3 0
github.com/e1m0re/grdn/cmd/server/main.go:57.17,59.4 1 0
github.com/e1m0re/grdn/cmd/server/main.go:61.3,61.35 1 0
github.com/e1m0re/grdn/cmd/server/main.go:64.2,64.34 1 0
github.com/e1m0re/grdn/cmd/server/main.go:64.34,65.21 1 0
github.com/e1m0re/grdn/cmd/server/main.go:65.21,66.8 1 0
github.com/e1m0re/grdn/cmd/server/main.go:66.8,67.12 1 0
github.com/e1m0re/grdn/cmd/server/main.go:68.24,69.16 1 0
github.com/e1m0re/grdn/cmd/server/main.go:70.49,72.20 2 0
github.com/e1m0re/grdn/cmd/server/main.go:72.20,74.7 1 0
github.com/e1m0re/grdn/cmd/server/main.go:80.2,80.33 1 0
github.com/e1m0re/grdn/cmd/server/main.go:80.33,81.43 1 0
github.com/e1m0re/grdn/cmd/server/main.go:81.43,84.4 2 0
github.com/e1m0re/grdn/cmd/server/main.go:86.3,86.26 1 0
github.com/e1m0re/grdn/internal/http-server/middleware/gzip/gzip.go:15.66,17.16 2 0
github.com/e1m0re/grdn/internal/http-server/middleware/gzip/gzip.go:17.16,19.3 1 0
github.com/e1m0re/grdn/internal/http-server/middleware/gzip/gzip.go:21.2,24.8 1 0
github.com/e1m0re/grdn/internal/http-server/middleware/gzip/gzip.go:27.60,29.2 1 0
github.com/e1m0re/grdn/internal/http-server/middleware/gzip/gzip.go:31.40,32.36 1 0
github.com/e1m0re/grdn/internal/http-server/middleware/gzip/gzip.go:32.36,34.3 1 0
github.com/e1m0re/grdn/internal/http-server/middleware/gzip/gzip.go:36.2,36.21 1 0
github.com/e1m0re/grdn/internal/http-server/middleware/gzip/gzip.go:39.49,41.59 1 0
github.com/e1m0re/grdn/internal/http-server/middleware/gzip/gzip.go:41.59,46.17 3 0
github.com/e1m0re/grdn/internal/http-server/middleware/gzip/gzip.go:46.17,48.19 2 0
github.com/e1m0re/grdn/internal/http-server/middleware/gzip/gzip.go:48.19,51.6 2 0
github.com/e1m0re/grdn/internal/http-server/middleware/gzip/gzip.go:53.5,54.21 2 0
github.com/e1m0re/grdn/internal/http-server/middleware/gzip/gzip.go:57.4,57.35 1 0
github.com/e1m0re/grdn/internal/http-server/middleware/logger/logger.go:21.62,26.2 3 0
github.com/e1m0re/grdn/internal/http-server/middleware/logger/logger.go:28.61,31.2 2 0
github.com/e1m0re/grdn/internal/http-server/middleware/logger/logger.go:33.49,35.59 1 0
github.com/e1m0re/grdn/internal/http-server/middleware/logger/logger.go:35.59,58.4 6 0
github.com/e1m0re/grdn/internal/http-server/server/server.go:15.52,22.39 5 0
github.com/e1m0re/grdn/internal/http-server/server/server.go:22.39,24.40 2 0
github.com/e1m0re/grdn/internal/http-server/server/server.go:24.40,27.4 2 0
github.com/e1m0re/grdn/internal/http-server/server/server.go:28.3,28.41 1 0
github.com/e1m0re/grdn/internal/http-server/server/server.go:28.41,31.4 2 0
github.com/e1m0re/grdn/internal/http-server/server/server.go:34.2,34.15 1 0
github.com/e1m0re/grdn/internal/http-server/server/server.go:37.69,44.2 2 0
github.com/e1m0re/grdn/internal/models/models.go:22.42,23.17 1 0
github.com/e1m0re/grdn/internal/models/models.go:24.17,25.52 1 0
github.com/e1m0re/grdn/internal/models/models.go:26.19,27.37 1 0
github.com/e1m0re/grdn/internal/models/models.go:28.10,29.12 1 0
github.com/e1m0re/grdn/internal/apiclient/apiclient.go:14.34,19.2 1 1
github.com/e1m0re/grdn/internal/apiclient/apiclient.go:21.60,23.16 2 0
github.com/e1m0re/grdn/internal/apiclient/apiclient.go:23.16,25.3 1 0
github.com/e1m0re/grdn/internal/apiclient/apiclient.go:27.2,28.16 2 0
github.com/e1m0re/grdn/internal/apiclient/apiclient.go:28.16,30.3 1 0
github.com/e1m0re/grdn/internal/apiclient/apiclient.go:32.2,36.16 4 0
github.com/e1m0re/grdn/internal/apiclient/apiclient.go:36.16,38.3 1 0
github.com/e1m0re/grdn/internal/apiclient/apiclient.go:40.2,40.12 1 0
github.com/e1m0re/grdn/internal/apiclient/apiclient.go:43.59,46.54 3 0
github.com/e1m0re/grdn/internal/apiclient/apiclient.go:46.54,48.3 1 0
github.com/e1m0re/grdn/internal/apiclient/apiclient.go:50.2,50.43 1 0
github.com/e1m0re/grdn/internal/apiclient/apiclient.go:50.43,52.3 1 0
github.com/e1m0re/grdn/internal/apiclient/apiclient.go:54.2,54.18 1 0
github.com/e1m0re/grdn/internal/http-server/handler/handler.go:20.53,24.2 1 22
github.com/e1m0re/grdn/internal/http-server/handler/handler.go:26.85,27.39 1 8
github.com/e1m0re/grdn/internal/http-server/handler/handler.go:27.39,30.3 2 1
github.com/e1m0re/grdn/internal/http-server/handler/handler.go:32.2,37.16 5 7
github.com/e1m0re/grdn/internal/http-server/handler/handler.go:37.16,40.3 2 5
github.com/e1m0re/grdn/internal/http-server/handler/handler.go:43.78,46.48 2 0
github.com/e1m0re/grdn/internal/http-server/handler/handler.go:46.48,48.17 2 0
github.com/e1m0re/grdn/internal/http-server/handler/handler.go:48.17,50.4 1 0
github.com/e1m0re/grdn/internal/http-server/handler/handler.go:53.2,53.37 1 0
github.com/e1m0re/grdn/internal/http-server/handler/handler.go:56.87,57.38 1 5
github.com/e1m0re/grdn/internal/http-server/handler/handler.go:57.38,60.3 2 1
github.com/e1m0re/grdn/internal/http-server/handler/handler.go:62.2,63.16 2 4
github.com/e1m0re/grdn/internal/http-server/handler/handler.go:63.16,66.3 2 2
github.com/e1m0re/grdn/internal/http-server/handler/handler.go:68.2,71.16 3 2
github.com/e1m0re/grdn/internal/http-server/handler/handler.go:71.16,74.3 2 0
github.com/e1m0re/grdn/internal/http-server/handler/handler.go:76.2,76.37 1 2
github.com/e1m0re/grdn/internal/http-server/handler/handler.go:79.89,80.39 1 5
github.com/e1m0re/grdn/internal/http-server/handler/handler.go:80.39,83.3 2 1
github.com/e1m0re/grdn/internal/http-server/handler/handler.go:85.2,89.16 3 4
github.com/e1m0re/grdn/internal/http-server/handler/handler.go:89.16,91.3 1 0
github.com/e1m0re/grdn/internal/http-server/handler/handler.go:93.2,95.61 2 4
github.com/e1m0re/grdn/internal/http-server/handler/handler.go:95.61,98.3 2 1
github.com/e1m0re/grdn/internal/http-server/handler/handler.go:100.2,102.16 2 3
github.com/e1m0re/grdn/internal/http-server/handler/handler.go:102.16,105.3 2 1
github.com/e1m0re/grdn/internal/http-server/handler/handler.go:107.2,109.16 2 2
github.com/e1m0re/grdn/internal/http-server/handler/handler.go:109.16,112.3 2 0
github.com/e1m0re/grdn/internal/http-server/handler/handler.go:114.2,117.16 3 2
github.com/e1m0re/grdn/internal/http-server/handler/handler.go:117.16,120.3 2 0
github.com/e1m0re/grdn/internal/http-server/handler/handler.go:122.2,122.37 1 2
github.com/e1m0re/grdn/internal/http-server/handler/handler.go:125.86,126.39 1 11
github.com/e1m0re/grdn/internal/http-server/handler/handler.go:126.39,129.3 2 1
github.com/e1m0re/grdn/internal/http-server/handler/handler.go:131.2,137.16 4 10
github.com/e1m0re/grdn/internal/http-server/handler/handler.go:137.16,140.3 2 0
github.com/e1m0re/grdn/internal/http-server/handler/handler.go:142.2,142.58 1 10
github.com/e1m0re/grdn/internal/http-server/handler/handler.go:142.58,145.3 2 4
github.com/e1m0re/grdn/internal/http-server/handler/handler.go:147.2,148.16 2 6
github.com/e1m0re/grdn/internal/http-server/handler/handler.go:148.16,151.3 2 4
github.com/e1m0re/grdn/internal/models/models.go:22.42,23.17 1 2
github.com/e1m0re/grdn/internal/models/models.go:24.17,25.52 1 1
github.com/e1m0re/grdn/internal/models/models.go:26.19,27.37 1 1
github.com/e1m0re/grdn/internal/models/models.go:28.10,29.12 1 0
github.com/e1m0re/grdn/internal/models/models.go:22.42,23.17 1 0
github.com/e1m0re/grdn/internal/models/models.go:24.17,25.52 1 0
github.com/e1m0re/grdn/internal/models/models.go:26.19,27.37 1 0
github.com/e1m0re/grdn/internal/models/models.go:28.10,29.12 1 0
github.com/e1m0re/grdn/internal/monitor/monitor.go:23.42,30.2 1 1
github.com/e1m0re/grdn/internal/monitor/monitor.go:32.39,69.2 32 1
github.com/e1m0re/grdn/internal/monitor/monitor.go:71.55,73.40 2 3
github.com/e1m0re/grdn/internal/monitor/monitor.go:73.40,79.3 1 2
github.com/e1m0re/grdn/internal/monitor/monitor.go:81.2,81.42 1 3
github.com/e1m0re/grdn/internal/monitor/monitor.go:81.42,87.3 1 2
github.com/e1m0re/grdn/internal/monitor/monitor.go:89.2,89.15 1 3
github.com/e1m0re/grdn/internal/monitor/monitor.go:92.64,93.34 1 0
github.com/e1m0re/grdn/internal/monitor/monitor.go:93.34,96.17 2 0
github.com/e1m0re/grdn/internal/monitor/monitor.go:96.17,98.4 1 0
github.com/e1m0re/grdn/internal/monitor/monitor.go:100.3,101.17 2 0
github.com/e1m0re/grdn/internal/monitor/monitor.go:101.17,103.4 1 0
github.com/e1m0re/grdn/internal/models/models.go:22.42,23.17 1 0
github.com/e1m0re/grdn/internal/models/models.go:24.17,25.52 1 0
github.com/e1m0re/grdn/internal/models/models.go:26.19,27.37 1 0
github.com/e1m0re/grdn/internal/models/models.go:28.10,29.12 1 0
github.com/e1m0re/grdn/internal/storage/storage.go:62.64,69.2 1 1
github.com/e1m0re/grdn/internal/storage/storage.go:71.77,73.2 1 2
github.com/e1m0re/grdn/internal/storage/storage.go:75.83,77.2 1 2
github.com/e1m0re/grdn/internal/storage/storage.go:79.101,80.15 1 5
github.com/e1m0re/grdn/internal/storage/storage.go:81.24,83.17 2 2
github.com/e1m0re/grdn/internal/storage/storage.go:83.17,85.4 1 1
github.com/e1m0re/grdn/internal/storage/storage.go:87.3,87.36 1 1
github.com/e1m0re/grdn/internal/storage/storage.go:88.26,90.17 2 2
github.com/e1m0re/grdn/internal/storage/storage.go:90.17,92.4 1 1
github.com/e1m0re/grdn/internal/storage/storage.go:94.3,94.38 1 1
github.com/e1m0re/grdn/internal/storage/storage.go:95.10,96.43 1 1
github.com/e1m0re/grdn/internal/storage/storage.go:99.2,99.16 1 2
github.com/e1m0re/grdn/internal/storage/storage.go:99.16,101.17 2 0
github.com/e1m0re/grdn/internal/storage/storage.go:101.17,103.4 1 0
github.com/e1m0re/grdn/internal/storage/storage.go:106.2,106.12 1 2
github.com/e1m0re/grdn/internal/storage/storage.go:109.69,110.23 1 0
github.com/e1m0re/grdn/internal/storage/storage.go:110.23,112.3 1 0
github.com/e1m0re/grdn/internal/storage/storage.go:113.2,113.20 1 0
github.com/e1m0re/grdn/internal/storage/storage.go:114.24,115.24 1 0
github.com/e1m0re/grdn/internal/storage/storage.go:115.24,117.4 1 0
github.com/e1m0re/grdn/internal/storage/storage.go:118.3,118.44 1 0
github.com/e1m0re/grdn/internal/storage/storage.go:119.26,120.24 1 0
github.com/e1m0re/grdn/internal/storage/storage.go:120.24,122.4 1 0
github.com/e1m0re/grdn/internal/storage/storage.go:123.3,123.46 1 0
github.com/e1m0re/grdn/internal/storage/storage.go:124.10,125.43 1 0
github.com/e1m0re/grdn/internal/storage/storage.go:128.2,128.16 1 0
github.com/e1m0re/grdn/internal/storage/storage.go:128.16,130.17 2 0
github.com/e1m0re/grdn/internal/storage/storage.go:130.17,132.4 1 0
github.com/e1m0re/grdn/internal/storage/storage.go:135.2,135.12 1 0
github.com/e1m0re/grdn/internal/storage/storage.go:138.47,140.35 2 0
github.com/e1m0re/grdn/internal/storage/storage.go:140.35,142.3 1 0
github.com/e1m0re/grdn/internal/storage/storage.go:144.2,144.37 1 0
github.com/e1m0re/grdn/internal/storage/storage.go:144.37,146.3 1 0
github.com/e1m0re/grdn/internal/storage/storage.go:148.2,148.15 1 0
github.com/e1m0re/grdn/internal/storage/storage.go:151.108,152.15 1 0
github.com/e1m0re/grdn/internal/storage/storage.go:153.24,156.10 2 0
github.com/e1m0re/grdn/internal/storage/storage.go:156.10,159.4 2 0
github.com/e1m0re/grdn/internal/storage/storage.go:161.3,166.4 1 0
github.com/e1m0re/grdn/internal/storage/storage.go:167.26,170.10 2 0
github.com/e1m0re/grdn/internal/storage/storage.go:170.10,173.4 2 0
github.com/e1m0re/grdn/internal/storage/storage.go:175.3,180.4 1 0
github.com/e1m0re/grdn/internal/storage/storage.go:181.10,182.37 1 0
github.com/e1m0re/grdn/internal/storage/storage.go:185.2,185.8 1 0
github.com/e1m0re/grdn/internal/storage/storage.go:188.48,190.16 2 0
github.com/e1m0re/grdn/internal/storage/storage.go:190.16,192.3 1 0
github.com/e1m0re/grdn/internal/storage/storage.go:194.2,197.16 3 0
github.com/e1m0re/grdn/internal/storage/storage.go:197.16,199.3 1 0
github.com/e1m0re/grdn/internal/storage/storage.go:201.2,203.12 2 0
github.com/e1m0re/grdn/internal/storage/storage.go:206.50,208.16 2 0
github.com/e1m0re/grdn/internal/storage/storage.go:208.16,210.3 1 0
github.com/e1m0re/grdn/internal/storage/storage.go:212.2,215.16 3 0
github.com/e1m0re/grdn/internal/storage/storage.go:215.16,218.3 2 0
github.com/e1m0re/grdn/internal/storage/storage.go:220.2,220.12 1 0
